2024-10-17 14:59:06,034 - INFO - Full set size: 73463
2024-10-17 14:59:06,035 - INFO - Training set size: 39375
2024-10-17 14:59:06,036 - INFO - Validation set size: 19395
2024-10-17 14:59:06,038 - INFO - Test set size: 14693
2024-10-17 14:59:06,039 - INFO - loading projection weights from /kaggle/input/pdz-dath-ds/output_w2v.txt
2024-10-17 15:00:57,142 - INFO - KeyedVectors lifecycle event {'msg': 'loaded (400000, 300) matrix of type float32 from /kaggle/input/pdz-dath-ds/output_w2v.txt', 'binary': False, 'encoding': 'utf8', 'datetime': '2024-10-17T15:00:57.142628', 'gensim': '4.3.3', 'python': '3.10.14 | packaged by conda-forge | (main, Mar 20 2024, 12:45:18) [GCC 12.3.0]', 'platform': 'Linux-5.15.154+-x86_64-with-glibc2.35', 'event': 'load_word2vec_format'}
2024-10-17 15:03:55,365 - INFO - ============================================================================================
2024-10-17 15:03:55,366 - INFO - Training a Logistic Regression model for 20 epochs...
2024-10-17 15:03:55,379 - INFO - Epoch 1/20 - Shuffling and batching data
2024-10-17 15:04:01,521 - INFO - Train Loss: 0.6920, Train Accuracy: 0.8134, 
2024-10-17 15:04:01,523 - INFO - Train ROC AUC: 0.8631, Precision: 0.7777, 
2024-10-17 15:04:01,525 - INFO - Recall: 0.7022, F1: 0.7380
2024-10-17 15:04:01,527 - INFO - Epoch 2/20 - Shuffling and batching data
2024-10-17 15:04:07,506 - INFO - Train Loss: 0.6924, Train Accuracy: 0.8449, 
2024-10-17 15:04:07,507 - INFO - Train ROC AUC: 0.8964, Precision: 0.7940, 
2024-10-17 15:04:07,508 - INFO - Recall: 0.7908, F1: 0.7924
2024-10-17 15:04:07,511 - INFO - Epoch 3/20 - Shuffling and batching data
2024-10-17 15:04:13,588 - INFO - Train Loss: 0.6923, Train Accuracy: 0.8387, 
2024-10-17 15:04:13,590 - INFO - Train ROC AUC: 0.9047, Precision: 0.7906, 
2024-10-17 15:04:13,590 - INFO - Recall: 0.7742, F1: 0.7823
2024-10-17 15:04:13,593 - INFO - Epoch 4/20 - Shuffling and batching data
2024-10-17 15:04:19,605 - INFO - Train Loss: 0.6925, Train Accuracy: 0.7058, 
2024-10-17 15:04:19,607 - INFO - Train ROC AUC: 0.8532, Precision: 0.5716, 
2024-10-17 15:04:19,608 - INFO - Recall: 0.8541, F1: 0.6849
2024-10-17 15:04:19,610 - INFO - Epoch 5/20 - Shuffling and batching data
2024-10-17 15:04:26,017 - INFO - Train Loss: 0.6926, Train Accuracy: 0.8299, 
2024-10-17 15:04:26,019 - INFO - Train ROC AUC: 0.8972, Precision: 0.7679, 
2024-10-17 15:04:26,020 - INFO - Recall: 0.7820, F1: 0.7749
2024-10-17 15:04:26,022 - INFO - Epoch 6/20 - Shuffling and batching data
2024-10-17 15:04:32,640 - INFO - Train Loss: 0.6920, Train Accuracy: 0.8636, 
2024-10-17 15:04:32,641 - INFO - Train ROC AUC: 0.9049, Precision: 0.8490, 
2024-10-17 15:04:32,642 - INFO - Recall: 0.7731, F1: 0.8093
2024-10-17 15:04:32,646 - INFO - Epoch 7/20 - Shuffling and batching data
2024-10-17 15:04:38,716 - INFO - Train Loss: 0.6920, Train Accuracy: 0.8330, 
2024-10-17 15:04:38,719 - INFO - Train ROC AUC: 0.8915, Precision: 0.8248, 
2024-10-17 15:04:38,720 - INFO - Recall: 0.7032, F1: 0.7591
2024-10-17 15:04:38,723 - INFO - Epoch 8/20 - Shuffling and batching data
2024-10-17 15:04:44,873 - INFO - Train Loss: 0.6922, Train Accuracy: 0.7916, 
2024-10-17 15:04:44,875 - INFO - Train ROC AUC: 0.8553, Precision: 0.7321, 
2024-10-17 15:04:44,876 - INFO - Recall: 0.6990, F1: 0.7152
2024-10-17 15:04:44,880 - INFO - Epoch 9/20 - Shuffling and batching data
2024-10-17 15:04:51,061 - INFO - Train Loss: 0.6924, Train Accuracy: 0.8643, 
2024-10-17 15:04:51,066 - INFO - Train ROC AUC: 0.9132, Precision: 0.8021, 
2024-10-17 15:04:51,069 - INFO - Recall: 0.8462, F1: 0.8235
2024-10-17 15:04:51,071 - INFO - Epoch 10/20 - Shuffling and batching data
2024-10-17 15:04:57,162 - INFO - Train Loss: 0.6921, Train Accuracy: 0.8809, 
2024-10-17 15:04:57,163 - INFO - Train ROC AUC: 0.9093, Precision: 0.8782, 
2024-10-17 15:04:57,165 - INFO - Recall: 0.7916, F1: 0.8326
2024-10-17 15:04:57,168 - INFO - Epoch 11/20 - Shuffling and batching data
2024-10-17 15:05:03,935 - INFO - Train Loss: 0.6921, Train Accuracy: 0.8482, 
2024-10-17 15:05:03,937 - INFO - Train ROC AUC: 0.9089, Precision: 0.7940, 
2024-10-17 15:05:03,938 - INFO - Recall: 0.8028, F1: 0.7984
2024-10-17 15:05:03,940 - INFO - Epoch 12/20 - Shuffling and batching data
2024-10-17 15:05:10,086 - INFO - Train Loss: 0.6926, Train Accuracy: 0.8202, 
2024-10-17 15:05:10,088 - INFO - Train ROC AUC: 0.8900, Precision: 0.7280, 
2024-10-17 15:05:10,089 - INFO - Recall: 0.8295, F1: 0.7754
2024-10-17 15:05:10,092 - INFO - Epoch 13/20 - Shuffling and batching data
2024-10-17 15:05:16,087 - INFO - Train Loss: 0.6921, Train Accuracy: 0.8619, 
2024-10-17 15:05:16,088 - INFO - Train ROC AUC: 0.9052, Precision: 0.8619, 
2024-10-17 15:05:16,090 - INFO - Recall: 0.7514, F1: 0.8029
2024-10-17 15:05:16,093 - INFO - Epoch 14/20 - Shuffling and batching data
2024-10-17 15:05:22,171 - INFO - Train Loss: 0.6924, Train Accuracy: 0.8286, 
2024-10-17 15:05:22,173 - INFO - Train ROC AUC: 0.9036, Precision: 0.7369, 
2024-10-17 15:05:22,174 - INFO - Recall: 0.8432, F1: 0.7865
2024-10-17 15:05:22,176 - INFO - Epoch 15/20 - Shuffling and batching data
2024-10-17 15:05:28,250 - INFO - Train Loss: 0.6922, Train Accuracy: 0.7697, 
2024-10-17 15:05:28,251 - INFO - Train ROC AUC: 0.8209, Precision: 0.7177, 
2024-10-17 15:05:28,252 - INFO - Recall: 0.6342, F1: 0.6733
2024-10-17 15:05:28,255 - INFO - Epoch 16/20 - Shuffling and batching data
2024-10-17 15:05:34,401 - INFO - Train Loss: 0.6922, Train Accuracy: 0.8170, 
2024-10-17 15:05:34,403 - INFO - Train ROC AUC: 0.9016, Precision: 0.7161, 
2024-10-17 15:05:34,405 - INFO - Recall: 0.8469, F1: 0.7760
2024-10-17 15:05:34,408 - INFO - Epoch 17/20 - Shuffling and batching data
2024-10-17 15:05:40,552 - INFO - Train Loss: 0.6925, Train Accuracy: 0.7832, 
2024-10-17 15:05:40,554 - INFO - Train ROC AUC: 0.8981, Precision: 0.6619, 
2024-10-17 15:05:40,555 - INFO - Recall: 0.8604, F1: 0.7482
2024-10-17 15:05:40,558 - INFO - Epoch 18/20 - Shuffling and batching data
2024-10-17 15:05:46,577 - INFO - Train Loss: 0.6924, Train Accuracy: 0.8427, 
2024-10-17 15:05:46,579 - INFO - Train ROC AUC: 0.8863, Precision: 0.8118, 
2024-10-17 15:05:46,580 - INFO - Recall: 0.7547, F1: 0.7822
2024-10-17 15:05:46,584 - INFO - Epoch 19/20 - Shuffling and batching data
2024-10-17 15:05:52,725 - INFO - Train Loss: 0.6923, Train Accuracy: 0.8607, 
2024-10-17 15:05:52,727 - INFO - Train ROC AUC: 0.8875, Precision: 0.8406, 
2024-10-17 15:05:52,728 - INFO - Recall: 0.7750, F1: 0.8064
2024-10-17 15:05:52,731 - INFO - Epoch 20/20 - Shuffling and batching data
2024-10-17 15:05:58,760 - INFO - Train Loss: 0.6924, Train Accuracy: 0.8415, 
2024-10-17 15:05:58,762 - INFO - Train ROC AUC: 0.8973, Precision: 0.7992, 
2024-10-17 15:05:58,763 - INFO - Recall: 0.7699, F1: 0.7843
2024-10-17 15:05:59,871 - INFO - Testing Results:
2024-10-17 15:05:59,872 - INFO - Test Loss: 0.6924, Test Accuracy: 0.8416, 
2024-10-17 15:05:59,876 - INFO - Test ROC AUC: 0.8936, Precision: 0.8007, 
2024-10-17 15:05:59,877 - INFO - Recall: 0.7648, F1: 0.7823
2024-10-17 15:05:59,881 - INFO - ============================================================================================
2024-10-17 15:05:59,884 - INFO - Training an XGBoost model for 20 epochs...
2024-10-17 15:05:59,889 - INFO - Epoch 1/20 - Shuffling and batching data
2024-10-17 15:07:13,999 - INFO - Train Loss: 0.5356, Train Accuracy: 0.7433, 
2024-10-17 15:07:14,000 - INFO - Train ROC AUC: 0.8171, Precision: 0.7398, 
2024-10-17 15:07:14,006 - INFO - Recall: 0.4848, F1: 0.5857
2024-10-17 15:07:14,007 - INFO - Epoch 2/20 - Shuffling and batching data
2024-10-17 15:08:27,810 - INFO - Train Loss: 0.5158, Train Accuracy: 0.8281, 
2024-10-17 15:08:27,811 - INFO - Train ROC AUC: 0.8666, Precision: 0.8187, 
2024-10-17 15:08:27,812 - INFO - Recall: 0.6946, F1: 0.7515
2024-10-17 15:08:27,814 - INFO - Epoch 3/20 - Shuffling and batching data
2024-10-17 15:09:41,770 - INFO - Train Loss: 0.5572, Train Accuracy: 0.6858, 
2024-10-17 15:09:41,771 - INFO - Train ROC AUC: 0.8126, Precision: 0.9571, 
2024-10-17 15:09:41,772 - INFO - Recall: 0.1681, F1: 0.2860
2024-10-17 15:09:41,774 - INFO - Epoch 4/20 - Shuffling and batching data
2024-10-17 15:10:55,776 - INFO - Train Loss: 0.5454, Train Accuracy: 0.7083, 
2024-10-17 15:10:55,777 - INFO - Train ROC AUC: 0.8028, Precision: 0.7787, 
2024-10-17 15:10:55,778 - INFO - Recall: 0.3085, F1: 0.4419
2024-10-17 15:10:55,780 - INFO - Epoch 5/20 - Shuffling and batching data
2024-10-17 15:12:09,089 - INFO - Train Loss: 0.5427, Train Accuracy: 0.7563, 
2024-10-17 15:12:09,090 - INFO - Train ROC AUC: 0.8126, Precision: 0.6616, 
2024-10-17 15:12:09,091 - INFO - Recall: 0.7142, F1: 0.6869
2024-10-17 15:12:09,092 - INFO - Epoch 6/20 - Shuffling and batching data
2024-10-17 15:13:22,701 - INFO - Train Loss: 0.5247, Train Accuracy: 0.7645, 
2024-10-17 15:13:22,702 - INFO - Train ROC AUC: 0.8446, Precision: 0.8399, 
2024-10-17 15:13:22,703 - INFO - Recall: 0.4584, F1: 0.5931
2024-10-17 15:13:22,705 - INFO - Epoch 7/20 - Shuffling and batching data
2024-10-17 15:14:37,243 - INFO - Train Loss: 0.5712, Train Accuracy: 0.7296, 
2024-10-17 15:14:37,244 - INFO - Train ROC AUC: 0.7730, Precision: 0.7787, 
2024-10-17 15:14:37,245 - INFO - Recall: 0.3879, F1: 0.5178
2024-10-17 15:14:37,246 - INFO - Epoch 8/20 - Shuffling and batching data
2024-10-17 15:15:51,888 - INFO - Train Loss: 0.4983, Train Accuracy: 0.7724, 
2024-10-17 15:15:51,889 - INFO - Train ROC AUC: 0.8567, Precision: 0.7437, 
2024-10-17 15:15:51,890 - INFO - Recall: 0.5981, F1: 0.6630
2024-10-17 15:15:51,891 - INFO - Epoch 9/20 - Shuffling and batching data
2024-10-17 15:17:06,689 - INFO - Train Loss: 0.5135, Train Accuracy: 0.7596, 
2024-10-17 15:17:06,690 - INFO - Train ROC AUC: 0.8641, Precision: 0.8830, 
2024-10-17 15:17:06,691 - INFO - Recall: 0.4123, F1: 0.5621
2024-10-17 15:17:06,692 - INFO - Epoch 10/20 - Shuffling and batching data
2024-10-17 15:18:18,961 - INFO - Train Loss: 0.5662, Train Accuracy: 0.7107, 
2024-10-17 15:18:18,962 - INFO - Train ROC AUC: 0.8063, Precision: 0.9417, 
2024-10-17 15:18:18,963 - INFO - Recall: 0.2421, F1: 0.3851
2024-10-17 15:18:18,964 - INFO - Epoch 11/20 - Shuffling and batching data
2024-10-17 15:19:31,718 - INFO - Train Loss: 0.6100, Train Accuracy: 0.6854, 
2024-10-17 15:19:31,719 - INFO - Train ROC AUC: 0.7584, Precision: 0.8087, 
2024-10-17 15:19:31,720 - INFO - Recall: 0.2088, F1: 0.3319
2024-10-17 15:19:31,721 - INFO - Epoch 12/20 - Shuffling and batching data
2024-10-17 15:20:44,731 - INFO - Train Loss: 0.5305, Train Accuracy: 0.7396, 
2024-10-17 15:20:44,732 - INFO - Train ROC AUC: 0.8588, Precision: 0.9524, 
2024-10-17 15:20:44,733 - INFO - Recall: 0.3203, F1: 0.4794
2024-10-17 15:20:44,734 - INFO - Epoch 13/20 - Shuffling and batching data
2024-10-17 15:22:00,586 - INFO - Train Loss: 0.4935, Train Accuracy: 0.7939, 
2024-10-17 15:22:00,588 - INFO - Train ROC AUC: 0.8697, Precision: 0.7464, 
2024-10-17 15:22:00,588 - INFO - Recall: 0.6808, F1: 0.7121
2024-10-17 15:22:00,590 - INFO - Epoch 14/20 - Shuffling and batching data
2024-10-17 15:23:16,533 - INFO - Train Loss: 0.5062, Train Accuracy: 0.7546, 
2024-10-17 15:23:16,534 - INFO - Train ROC AUC: 0.8483, Precision: 0.7582, 
2024-10-17 15:23:16,535 - INFO - Recall: 0.5056, F1: 0.6067
2024-10-17 15:23:16,537 - INFO - Epoch 15/20 - Shuffling and batching data
2024-10-17 15:24:33,274 - INFO - Train Loss: 0.6016, Train Accuracy: 0.7004, 
2024-10-17 15:24:33,275 - INFO - Train ROC AUC: 0.7635, Precision: 0.9474, 
2024-10-17 15:24:33,276 - INFO - Recall: 0.2114, F1: 0.3457
2024-10-17 15:24:33,278 - INFO - Epoch 16/20 - Shuffling and batching data
2024-10-17 15:25:46,843 - INFO - Train Loss: 0.5513, Train Accuracy: 0.7552, 
2024-10-17 15:25:46,844 - INFO - Train ROC AUC: 0.8107, Precision: 0.8133, 
2024-10-17 15:25:46,845 - INFO - Recall: 0.4491, F1: 0.5787
2024-10-17 15:25:46,847 - INFO - Epoch 17/20 - Shuffling and batching data
2024-10-17 15:27:00,511 - INFO - Train Loss: 0.5111, Train Accuracy: 0.7891, 
2024-10-17 15:27:00,512 - INFO - Train ROC AUC: 0.8050, Precision: 0.8473, 
2024-10-17 15:27:00,513 - INFO - Recall: 0.5324, F1: 0.6539
2024-10-17 15:27:00,515 - INFO - Epoch 18/20 - Shuffling and batching data
2024-10-17 15:28:13,666 - INFO - Train Loss: 0.5505, Train Accuracy: 0.7208, 
2024-10-17 15:28:13,667 - INFO - Train ROC AUC: 0.7975, Precision: 0.7327, 
2024-10-17 15:28:13,668 - INFO - Recall: 0.4000, F1: 0.5174
2024-10-17 15:28:13,670 - INFO - Epoch 19/20 - Shuffling and batching data
2024-10-17 15:29:27,492 - INFO - Train Loss: 0.5394, Train Accuracy: 0.7675, 
2024-10-17 15:29:27,493 - INFO - Train ROC AUC: 0.8193, Precision: 0.7452, 
2024-10-17 15:29:27,494 - INFO - Recall: 0.5757, F1: 0.6496
2024-10-17 15:29:27,497 - INFO - Epoch 20/20 - Shuffling and batching data
2024-10-17 15:30:41,154 - INFO - Train Loss: 0.5254, Train Accuracy: 0.7642, 
2024-10-17 15:30:41,155 - INFO - Train ROC AUC: 0.8595, Precision: 0.9203, 
2024-10-17 15:30:41,156 - INFO - Recall: 0.4050, F1: 0.5625
2024-10-17 15:30:42,085 - INFO - Testing Results:
2024-10-17 15:30:42,086 - INFO - Test Loss: 0.5240, Test Accuracy: 0.7664, 
2024-10-17 15:30:42,087 - INFO - Test ROC AUC: 0.8581, Precision: 0.9231, 
2024-10-17 15:30:42,088 - INFO - Recall: 0.4061, F1: 0.5640
2024-10-17 15:30:42,089 - INFO - ============================================================================================
2024-10-17 15:30:42,090 - INFO - Training a Random Forest model for 20 epochs...
2024-10-17 15:30:42,094 - INFO - Epoch 1/20 - Shuffling and batching data
2024-10-17 15:31:38,205 - INFO - Train Loss: 0.5152, Train Accuracy: 0.8309, 
2024-10-17 15:31:38,206 - INFO - Train ROC AUC: 0.8805, Precision: 0.8719, 
2024-10-17 15:31:38,207 - INFO - Recall: 0.6428, F1: 0.7400
2024-10-17 15:31:38,209 - INFO - Epoch 2/20 - Shuffling and batching data
2024-10-17 15:32:34,245 - INFO - Train Loss: 0.4928, Train Accuracy: 0.8044, 
2024-10-17 15:32:34,246 - INFO - Train ROC AUC: 0.8731, Precision: 0.9146, 
2024-10-17 15:32:34,247 - INFO - Recall: 0.5266, F1: 0.6683
2024-10-17 15:32:34,248 - INFO - Epoch 3/20 - Shuffling and batching data
2024-10-17 15:33:30,345 - INFO - Train Loss: 0.4845, Train Accuracy: 0.8240, 
2024-10-17 15:33:30,347 - INFO - Train ROC AUC: 0.8866, Precision: 0.7894, 
2024-10-17 15:33:30,348 - INFO - Recall: 0.7226, F1: 0.7545
2024-10-17 15:33:30,349 - INFO - Epoch 4/20 - Shuffling and batching data
2024-10-17 15:34:26,763 - INFO - Train Loss: 0.4981, Train Accuracy: 0.7451, 
2024-10-17 15:34:26,764 - INFO - Train ROC AUC: 0.8922, Precision: 0.9193, 
2024-10-17 15:34:26,766 - INFO - Recall: 0.3499, F1: 0.5069
2024-10-17 15:34:26,767 - INFO - Epoch 5/20 - Shuffling and batching data
2024-10-17 15:35:23,029 - INFO - Train Loss: 0.8305, Train Accuracy: 0.7626, 
2024-10-17 15:35:23,030 - INFO - Train ROC AUC: 0.8401, Precision: 0.9174, 
2024-10-17 15:35:23,031 - INFO - Recall: 0.4019, F1: 0.5589
2024-10-17 15:35:23,033 - INFO - Epoch 6/20 - Shuffling and batching data
2024-10-17 15:36:19,212 - INFO - Train Loss: 0.5557, Train Accuracy: 0.8111, 
2024-10-17 15:36:19,213 - INFO - Train ROC AUC: 0.8631, Precision: 0.9033, 
2024-10-17 15:36:19,214 - INFO - Recall: 0.5548, F1: 0.6874
2024-10-17 15:36:19,216 - INFO - Epoch 7/20 - Shuffling and batching data
2024-10-17 15:37:15,193 - INFO - Train Loss: 0.5104, Train Accuracy: 0.7287, 
2024-10-17 15:37:15,194 - INFO - Train ROC AUC: 0.8399, Precision: 0.6045, 
2024-10-17 15:37:15,195 - INFO - Recall: 0.7960, F1: 0.6871
2024-10-17 15:37:15,197 - INFO - Epoch 8/20 - Shuffling and batching data
2024-10-17 15:38:11,465 - INFO - Train Loss: 0.4226, Train Accuracy: 0.8684, 
2024-10-17 15:38:11,466 - INFO - Train ROC AUC: 0.9156, Precision: 0.8691, 
2024-10-17 15:38:11,466 - INFO - Recall: 0.7633, F1: 0.8128
2024-10-17 15:38:11,468 - INFO - Epoch 9/20 - Shuffling and batching data
2024-10-17 15:39:07,452 - INFO - Train Loss: 0.4621, Train Accuracy: 0.8251, 
2024-10-17 15:39:07,453 - INFO - Train ROC AUC: 0.8777, Precision: 0.7716, 
2024-10-17 15:39:07,453 - INFO - Recall: 0.7567, F1: 0.7641
2024-10-17 15:39:07,455 - INFO - Epoch 10/20 - Shuffling and batching data
2024-10-17 15:40:04,064 - INFO - Train Loss: 0.4803, Train Accuracy: 0.8094, 
2024-10-17 15:40:04,065 - INFO - Train ROC AUC: 0.8621, Precision: 0.7944, 
2024-10-17 15:40:04,065 - INFO - Recall: 0.6624, F1: 0.7224
2024-10-17 15:40:04,067 - INFO - Epoch 11/20 - Shuffling and batching data
2024-10-17 15:41:00,841 - INFO - Train Loss: 0.4441, Train Accuracy: 0.8372, 
2024-10-17 15:41:00,842 - INFO - Train ROC AUC: 0.8992, Precision: 0.8865, 
2024-10-17 15:41:00,842 - INFO - Recall: 0.6480, F1: 0.7487
2024-10-17 15:41:00,844 - INFO - Epoch 12/20 - Shuffling and batching data
2024-10-17 15:41:57,342 - INFO - Train Loss: 0.5000, Train Accuracy: 0.8431, 
2024-10-17 15:41:57,343 - INFO - Train ROC AUC: 0.8841, Precision: 0.8729, 
2024-10-17 15:41:57,344 - INFO - Recall: 0.6800, F1: 0.7645
2024-10-17 15:41:57,345 - INFO - Epoch 13/20 - Shuffling and batching data
2024-10-17 15:42:53,852 - INFO - Train Loss: 0.4558, Train Accuracy: 0.8237, 
2024-10-17 15:42:53,853 - INFO - Train ROC AUC: 0.8873, Precision: 0.8535, 
2024-10-17 15:42:53,854 - INFO - Recall: 0.6388, F1: 0.7307
2024-10-17 15:42:53,856 - INFO - Epoch 14/20 - Shuffling and batching data
2024-10-17 15:43:50,427 - INFO - Train Loss: 0.4670, Train Accuracy: 0.8188, 
2024-10-17 15:43:50,428 - INFO - Train ROC AUC: 0.8919, Precision: 0.8917, 
2024-10-17 15:43:50,429 - INFO - Recall: 0.5874, F1: 0.7082
2024-10-17 15:43:50,431 - INFO - Epoch 15/20 - Shuffling and batching data
2024-10-17 15:44:46,620 - INFO - Train Loss: 0.4892, Train Accuracy: 0.7878, 
2024-10-17 15:44:46,621 - INFO - Train ROC AUC: 0.8483, Precision: 0.7320, 
2024-10-17 15:44:46,622 - INFO - Recall: 0.6831, F1: 0.7067
2024-10-17 15:44:46,624 - INFO - Epoch 16/20 - Shuffling and batching data
2024-10-17 15:45:42,046 - INFO - Train Loss: 0.5013, Train Accuracy: 0.7751, 
2024-10-17 15:45:42,047 - INFO - Train ROC AUC: 0.8726, Precision: 0.9285, 
2024-10-17 15:45:42,048 - INFO - Recall: 0.4325, F1: 0.5901
2024-10-17 15:45:42,050 - INFO - Epoch 17/20 - Shuffling and batching data
2024-10-17 15:46:37,500 - INFO - Train Loss: 0.4668, Train Accuracy: 0.8054, 
2024-10-17 15:46:37,501 - INFO - Train ROC AUC: 0.8974, Precision: 0.6988, 
2024-10-17 15:46:37,502 - INFO - Recall: 0.8439, F1: 0.7645
2024-10-17 15:46:37,503 - INFO - Epoch 18/20 - Shuffling and batching data
2024-10-17 15:47:32,826 - INFO - Train Loss: 0.4660, Train Accuracy: 0.8457, 
2024-10-17 15:47:32,827 - INFO - Train ROC AUC: 0.9016, Precision: 0.8198, 
2024-10-17 15:47:32,828 - INFO - Recall: 0.7534, F1: 0.7852
2024-10-17 15:47:32,830 - INFO - Epoch 19/20 - Shuffling and batching data
2024-10-17 15:48:28,347 - INFO - Train Loss: 0.4715, Train Accuracy: 0.8099, 
2024-10-17 15:48:28,348 - INFO - Train ROC AUC: 0.8667, Precision: 0.7978, 
2024-10-17 15:48:28,349 - INFO - Recall: 0.6591, F1: 0.7218
2024-10-17 15:48:28,351 - INFO - Epoch 20/20 - Shuffling and batching data
2024-10-17 15:49:23,649 - INFO - Train Loss: 0.4962, Train Accuracy: 0.7969, 
2024-10-17 15:49:23,650 - INFO - Train ROC AUC: 0.8530, Precision: 0.8407, 
2024-10-17 15:49:23,652 - INFO - Recall: 0.5644, F1: 0.6754
2024-10-17 15:49:24,572 - INFO - Testing Results:
2024-10-17 15:49:24,572 - INFO - Test Loss: 0.4847, Test Accuracy: 0.8001, 
2024-10-17 15:49:24,573 - INFO - Test ROC AUC: 0.8570, Precision: 0.8404, 
2024-10-17 15:49:24,574 - INFO - Recall: 0.5712, F1: 0.6802
2024-10-17 15:49:24,575 - INFO - ============================================================================================
2024-10-17 15:49:24,576 - INFO - Training a LinearSVC model for 20 epochs...
2024-10-17 15:49:24,579 - INFO - Epoch 1/20 - Shuffling and batching data
2024-10-17 15:49:27,987 - INFO - Train Loss: 0.8076, Train Accuracy: 0.6618, 
2024-10-17 15:49:27,988 - INFO - Train ROC AUC: 0.9084, Precision: 0.9972, 
2024-10-17 15:49:27,989 - INFO - Recall: 0.0968, F1: 0.1765
2024-10-17 15:49:27,992 - INFO - Epoch 2/20 - Shuffling and batching data
2024-10-17 15:49:31,444 - INFO - Train Loss: 0.7151, Train Accuracy: 0.6926, 
2024-10-17 15:49:31,445 - INFO - Train ROC AUC: 0.9190, Precision: 0.9959, 
2024-10-17 15:49:31,446 - INFO - Recall: 0.1795, F1: 0.3042
2024-10-17 15:49:31,449 - INFO - Epoch 3/20 - Shuffling and batching data
2024-10-17 15:49:34,897 - INFO - Train Loss: 0.6949, Train Accuracy: 0.6582, 
2024-10-17 15:49:34,898 - INFO - Train ROC AUC: 0.9204, Precision: 1.0000, 
2024-10-17 15:49:34,898 - INFO - Recall: 0.0870, F1: 0.1600
2024-10-17 15:49:34,900 - INFO - Epoch 4/20 - Shuffling and batching data
2024-10-17 15:49:38,312 - INFO - Train Loss: 0.7016, Train Accuracy: 0.7415, 
2024-10-17 15:49:38,312 - INFO - Train ROC AUC: 0.9000, Precision: 0.9899, 
2024-10-17 15:49:38,313 - INFO - Recall: 0.3125, F1: 0.4750
2024-10-17 15:49:38,315 - INFO - Epoch 5/20 - Shuffling and batching data
2024-10-17 15:49:41,757 - INFO - Train Loss: 0.7127, Train Accuracy: 0.7305, 
2024-10-17 15:49:41,758 - INFO - Train ROC AUC: 0.8972, Precision: 0.9943, 
2024-10-17 15:49:41,759 - INFO - Recall: 0.2817, F1: 0.4390
2024-10-17 15:49:41,761 - INFO - Epoch 6/20 - Shuffling and batching data
2024-10-17 15:49:45,194 - INFO - Train Loss: 0.7040, Train Accuracy: 0.7121, 
2024-10-17 15:49:45,195 - INFO - Train ROC AUC: 0.8771, Precision: 0.9919, 
2024-10-17 15:49:45,196 - INFO - Recall: 0.2329, F1: 0.3772
2024-10-17 15:49:45,197 - INFO - Epoch 7/20 - Shuffling and batching data
2024-10-17 15:49:48,599 - INFO - Train Loss: 0.6372, Train Accuracy: 0.7360, 
2024-10-17 15:49:48,600 - INFO - Train ROC AUC: 0.9018, Precision: 0.9941, 
2024-10-17 15:49:48,600 - INFO - Recall: 0.2965, F1: 0.4568
2024-10-17 15:49:48,602 - INFO - Epoch 8/20 - Shuffling and batching data
2024-10-17 15:49:52,070 - INFO - Train Loss: 0.6701, Train Accuracy: 0.7445, 
2024-10-17 15:49:52,071 - INFO - Train ROC AUC: 0.9141, Precision: 0.9895, 
2024-10-17 15:49:52,072 - INFO - Recall: 0.3208, F1: 0.4845
2024-10-17 15:49:52,074 - INFO - Epoch 9/20 - Shuffling and batching data
2024-10-17 15:49:55,483 - INFO - Train Loss: 0.7194, Train Accuracy: 0.7525, 
2024-10-17 15:49:55,484 - INFO - Train ROC AUC: 0.9131, Precision: 0.9858, 
2024-10-17 15:49:55,484 - INFO - Recall: 0.3438, F1: 0.5099
2024-10-17 15:49:55,486 - INFO - Epoch 10/20 - Shuffling and batching data
2024-10-17 15:49:58,917 - INFO - Train Loss: 0.7826, Train Accuracy: 0.6394, 
2024-10-17 15:49:58,922 - INFO - Train ROC AUC: 0.8792, Precision: 0.9982, 
2024-10-17 15:49:58,923 - INFO - Recall: 0.0368, F1: 0.0709
2024-10-17 15:49:58,925 - INFO - Epoch 11/20 - Shuffling and batching data
2024-10-17 15:50:02,367 - INFO - Train Loss: 0.7047, Train Accuracy: 0.6984, 
2024-10-17 15:50:02,368 - INFO - Train ROC AUC: 0.8906, Precision: 0.9874, 
2024-10-17 15:50:02,369 - INFO - Recall: 0.1969, F1: 0.3283
2024-10-17 15:50:02,371 - INFO - Epoch 12/20 - Shuffling and batching data
2024-10-17 15:50:05,834 - INFO - Train Loss: 0.7645, Train Accuracy: 0.7025, 
2024-10-17 15:50:05,835 - INFO - Train ROC AUC: 0.9162, Precision: 0.9957, 
2024-10-17 15:50:05,835 - INFO - Recall: 0.2061, F1: 0.3414
2024-10-17 15:50:05,837 - INFO - Epoch 13/20 - Shuffling and batching data
2024-10-17 15:50:09,262 - INFO - Train Loss: 0.7077, Train Accuracy: 0.6683, 
2024-10-17 15:50:09,263 - INFO - Train ROC AUC: 0.8716, Precision: 0.9994, 
2024-10-17 15:50:09,263 - INFO - Recall: 0.1140, F1: 0.2046
2024-10-17 15:50:09,266 - INFO - Epoch 14/20 - Shuffling and batching data
2024-10-17 15:50:12,686 - INFO - Train Loss: 0.6905, Train Accuracy: 0.7099, 
2024-10-17 15:50:12,687 - INFO - Train ROC AUC: 0.9138, Precision: 0.9988, 
2024-10-17 15:50:12,688 - INFO - Recall: 0.2253, F1: 0.3677
2024-10-17 15:50:12,690 - INFO - Epoch 15/20 - Shuffling and batching data
2024-10-17 15:50:16,104 - INFO - Train Loss: 0.6612, Train Accuracy: 0.7400, 
2024-10-17 15:50:16,105 - INFO - Train ROC AUC: 0.8926, Precision: 0.9662, 
2024-10-17 15:50:16,106 - INFO - Recall: 0.3164, F1: 0.4767
2024-10-17 15:50:16,107 - INFO - Epoch 16/20 - Shuffling and batching data
2024-10-17 15:50:19,530 - INFO - Train Loss: 0.7201, Train Accuracy: 0.6950, 
2024-10-17 15:50:19,531 - INFO - Train ROC AUC: 0.9163, Precision: 0.9993, 
2024-10-17 15:50:19,531 - INFO - Recall: 0.1852, F1: 0.3125
2024-10-17 15:50:19,533 - INFO - Epoch 17/20 - Shuffling and batching data
2024-10-17 15:50:22,978 - INFO - Train Loss: 0.6384, Train Accuracy: 0.6860, 
2024-10-17 15:50:22,979 - INFO - Train ROC AUC: 0.8951, Precision: 0.9983, 
2024-10-17 15:50:22,980 - INFO - Recall: 0.1615, F1: 0.2781
2024-10-17 15:50:22,982 - INFO - Epoch 18/20 - Shuffling and batching data
2024-10-17 15:50:26,400 - INFO - Train Loss: 0.6748, Train Accuracy: 0.7016, 
2024-10-17 15:50:26,401 - INFO - Train ROC AUC: 0.8961, Precision: 0.9970, 
2024-10-17 15:50:26,402 - INFO - Recall: 0.2034, F1: 0.3379
2024-10-17 15:50:26,403 - INFO - Epoch 19/20 - Shuffling and batching data
2024-10-17 15:50:29,833 - INFO - Train Loss: 0.6838, Train Accuracy: 0.6615, 
2024-10-17 15:50:29,834 - INFO - Train ROC AUC: 0.9210, Precision: 1.0000, 
2024-10-17 15:50:29,835 - INFO - Recall: 0.0957, F1: 0.1747
2024-10-17 15:50:29,836 - INFO - Epoch 20/20 - Shuffling and batching data
2024-10-17 15:50:33,256 - INFO - Train Loss: 0.7886, Train Accuracy: 0.6648, 
2024-10-17 15:50:33,257 - INFO - Train ROC AUC: 0.9032, Precision: 0.9994, 
2024-10-17 15:50:33,259 - INFO - Recall: 0.1046, F1: 0.1894
2024-10-17 15:50:34,099 - INFO - Testing Results:
2024-10-17 15:50:34,100 - INFO - Test Loss (Hinge Loss): 0.7904, Test Accuracy: 0.8120, 
2024-10-17 15:50:34,102 - INFO - Test ROC AUC: 0.8060, Precision: 0.7311, 
2024-10-17 15:50:34,108 - INFO - Recall: 0.7827, F1: 0.7560
2024-10-17 15:50:34,109 - INFO - ============================================================================================
2024-10-17 16:07:01,579 - INFO - Testing Results:
2024-10-17 16:07:01,580 - INFO - Test Loss: 0.0525, Test Accuracy: 0.9863, 
2024-10-17 16:07:01,581 - INFO - Test ROC AUC: 0.9982, Precision: 0.9845, 
2024-10-17 16:07:01,582 - INFO - Recall: 0.9786, F1: 0.9816
2024-10-17 16:07:01,586 - INFO - Finished processing (total) in 1 hours, 8 minutes, 3 seconds
